  [1m[36mUser Load (0.7ms)[0m  [1mSELECT "users".* FROM "users"[0m
  [1m[35mUser Load (0.9ms)[0m  SELECT  "users".* FROM "users"  ORDER BY "users"."id" DESC LIMIT 1
  [1m[36mGroup Load (0.7ms)[0m  [1mSELECT "groups".* FROM "groups" INNER JOIN "memberships" ON "groups"."id" = "memberships"."group_id" WHERE "memberships"."user_id" = $1[0m  [["user_id", 60]]
  [1m[35mGroup Load (2.0ms)[0m  SELECT "groups".* FROM "groups"
  [1m[36m (0.2ms)[0m  [1mBEGIN[0m
  [1m[35mSQL (0.6ms)[0m  INSERT INTO "groups" ("name", "created_at", "updated_at") VALUES ($1, $2, $3) RETURNING "id"  [["name", "yo"], ["created_at", "2016-06-04 13:29:25.219097"], ["updated_at", "2016-06-04 13:29:25.219097"]]
  [1m[36m (0.6ms)[0m  [1mCOMMIT[0m
  [1m[35mUser Load (0.4ms)[0m  SELECT "users".* FROM "users" INNER JOIN "memberships" ON "users"."id" = "memberships"."user_id" WHERE "memberships"."group_id" = $1  [["group_id", 1]]
  [1m[36m (0.3ms)[0m  [1mBEGIN[0m
  [1m[35mSQL (0.5ms)[0m  INSERT INTO "memberships" ("group_id", "user_id", "created_at", "updated_at") VALUES ($1, $2, $3, $4) RETURNING "id"  [["group_id", 1], ["user_id", 60], ["created_at", "2016-06-04 13:30:01.053933"], ["updated_at", "2016-06-04 13:30:01.053933"]]
  [1m[36m (0.9ms)[0m  [1mCOMMIT[0m
  [1m[35m (0.3ms)[0m  BEGIN
  [1m[36mSQL (0.3ms)[0m  [1mINSERT INTO "memberships" ("user_id", "group_id", "created_at", "updated_at") VALUES ($1, $2, $3, $4) RETURNING "id"[0m  [["user_id", 60], ["group_id", 1], ["created_at", "2016-06-04 13:30:28.867334"], ["updated_at", "2016-06-04 13:30:28.867334"]]
  [1m[35m (0.4ms)[0m  COMMIT
  [1m[36mMembership Load (0.3ms)[0m  [1mSELECT "memberships".* FROM "memberships" WHERE "memberships"."user_id" = $1[0m  [["user_id", 60]]
  [1m[35mComment Load (0.3ms)[0m  SELECT "comments".* FROM "comments" WHERE "comments"."user_id" = $1  [["user_id", 60]]
  [1m[36m (1.3ms)[0m  [1mBEGIN[0m
  [1m[35mSQL (0.3ms)[0m  INSERT INTO "comments" ("content", "user_id", "created_at", "updated_at") VALUES ($1, $2, $3, $4) RETURNING "id"  [["content", "lol"], ["user_id", 60], ["created_at", "2016-06-04 13:31:11.287638"], ["updated_at", "2016-06-04 13:31:11.287638"]]
  [1m[36m (0.5ms)[0m  [1mCOMMIT[0m
  [1m[35mMembership Load (0.3ms)[0m  SELECT "memberships".* FROM "memberships" WHERE "memberships"."group_id" = $1  [["group_id", 1]]
  [1m[36m (0.2ms)[0m  [1mBEGIN[0m
  [1m[35mSQL (0.3ms)[0m  DELETE FROM "memberships" WHERE "memberships"."id" = $1  [["id", 2]]
  [1m[36m (0.5ms)[0m  [1mCOMMIT[0m
